/COM,ANSYS RELEASE 2025 R2.04        BUILD 25.2      UP20251105       00:08:13

 *** WARNING ***                         CP =       3.797   TIME= 00:08:21
 Element shape checking is currently inactive.  Issue SHPP,ON or         
 SHPP,WARN to reactivate, if desired.                                    

 *** WARNING ***                         CP =       3.922   TIME= 00:08:24
 Material number 3 (used by element 4307) should normally have at least  
 one MP or one TB type command associated with it.  Output of energy by  
 material may not be available.                                          

 *** WARNING ***                         CP =       3.938   TIME= 00:08:24
 It has been detected that you are using reduced integration brick       
 elements along with the PCG solver (EQSLV,PCG).  Please verify that     
 you have multiple elements through the thickness in your model or       
 switch to the SPARSE solver (EQSLV,SPARSE).                             

 *** WARNING ***                         CP =      11.266   TIME= 00:10:26
 During this session the elapsed time exceeds the CPU time by 1064%.     
 This often indicates either a lack of physical memory (RAM) required    
 to efficiently handle this simulation or a particularly slow hard       
 drive configuration.  This simulation can be expected to run faster on  
 identical hardware if additional RAM or a faster hard drive             
 configuration is made available.  For more details, please see the      
 Mechanical APDL Performance Guide which is part of the Ansys Help       
 system.                                                                 
